<?xml version="1.0" encoding="UTF-8"?>
<testng-results skipped="0" failed="0" total="1" passed="1">
  <reporter-output>
    <line>
      <![CDATA[retrieved title]]>
    </line>
    <line>
      <![CDATA[Retrieved text]]>
    </line>
  </reporter-output>
  <suite name="Command line suite" duration-ms="46" started-at="2020-12-25T02:10:47Z" finished-at="2020-12-25T02:10:47Z">
    <groups>
    </groups>
    <test name="Command line test" duration-ms="46" started-at="2020-12-25T02:10:47Z" finished-at="2020-12-25T02:10:47Z">
      <class name="NewPractice.newpractice.AppTest">
        <test-method status="PASS" signature="testApp()[pri:0, instance:testApp(NewPractice.newpractice.AppTest)]" name="testApp" duration-ms="5" started-at="2020-12-24T18:10:47Z" finished-at="2020-12-24T18:10:47Z">
          <reporter-output>
          </reporter-output>
        </test-method> <!-- testApp -->
      </class> <!-- NewPractice.newpractice.AppTest -->
    </test> <!-- Command line test -->
  </suite> <!-- Command line suite -->
</testng-results>
