<?xml version="1.0" encoding="UTF-8"?>
<!-- Generated by org.testng.reporters.JUnitReportReporter -->
<testsuite hostname="LAPTOP-TC62876I" name="Tests.TestCase1" tests="3" failures="1" timestamp="24 Dec 2020 22:50:11 GMT" time="15.342" errors="0">
  <testcase name="getTitle" time="7.475" classname="Tests.TestCase1"/>
  <testcase name="getURL" time="7.867" classname="Tests.TestCase1"/>
  <testcase name="getText" time="0.000" classname="Tests.TestCase1">
    <failure type="org.openqa.selenium.SessionNotCreatedException" message="session not created
from timeout: Timed out receiving message from renderer: 600.000
  (Session info: chrome=87.0.4280.88)
Build info: version: &#039;3.7.0&#039;, revision: &#039;2321c73&#039;, time: &#039;2017-11-02T22:22:35.584Z&#039;
System info: host: &#039;LAPTOP-TC62876I&#039;, ip: &#039;192.168.1.198&#039;, os.name: &#039;Windows 10&#039;, os.arch: &#039;amd64&#039;, os.version: &#039;10.0&#039;, java.version: &#039;1.8.0_121&#039;
Driver info: driver.version: ChromeDriver
remote stacktrace: Backtrace:
	Ordinal0 [0x0050C0C3+3326147]
	Ordinal0 [0x003F0851+2164817]
	Ordinal0 [0x00277298+619160]
	Ordinal0 [0x0026B17F+569727]
	Ordinal0 [0x0026A421+566305]
	Ordinal0 [0x0026A815+567317]
	Ordinal0 [0x0026A135+565557]
	Ordinal0 [0x002738B1+604337]
	Ordinal0 [0x0026A0F1+565489]
	Ordinal0 [0x0026AEA2+568994]
	Ordinal0 [0x0026A421+566305]
	Ordinal0 [0x0026A815+567317]
	Ordinal0 [0x0026A135+565557]
	Ordinal0 [0x00271D2C+597292]
	Ordinal0 [0x0026A0F1+565489]
	Ordinal0 [0x0026AEA2+568994]
	Ordinal0 [0x0026A421+566305]
	Ordinal0 [0x0026A815+567317]
	Ordinal0 [0x0026A135+565557]
	Ordinal0 [0x0026FE62+589410]
	Ordinal0 [0x0026A0F1+565489]
	Ordinal0 [0x0026AEA2+568994]
	Ordinal0 [0x0026A421+566305]
	Ordinal0 [0x0026A815+567317]
	Ordinal0 [0x0026A135+565557]
	Ordinal0 [0x0026F075+585845]
	Ordinal0 [0x0026A0F1+565489]
	Ordinal0 [0x0026AEA2+568994]
	Ordinal0 [0x0026A421+566305]
	Ordinal0 [0x0026A815+567317]
	Ordinal0 [0x0026A135+565557]
	Ordinal0 [0x00266776+550774]
	Ordinal0 [0x0026A0F1+565489]
	Ordinal0 [0x00269F13+565011]
	Ordinal0 [0x00269D07+564487]
	Ordinal0 [0x002782C0+623296]
	Ordinal0 [0x00216BDD+224221]
	Ordinal0 [0x00215CAC+220332]
	Ordinal0 [0x0021189B+202907]
	Ordinal0 [0x001F3DF4+81396]
	Ordinal0 [0x001F4DEE+85486]
	Ordinal0 [0x001F4D79+85369]
	Ordinal0 [0x004085DC+2262492]
	GetHandleVerifier [0x00692874+1487204]
	GetHandleVerifier [0x006923CD+1486013]
	GetHandleVerifier [0x0069A368+1518680]
	GetHandleVerifier [0x00692F4E+1488958]
	Ordinal0 [0x003FED0D+2223373]
	Ordinal0 [0x0040A12B+2269483]
	Ordinal0 [0x0040A26F+2269807]
	Ordinal0 [0x0041ECB8+2354360]
	BaseThreadInitThunk [0x7685FA29+25]
	RtlGetAppContainerNamedObjectPath [0x771575F4+228]
	RtlGetAppContainerNamedObjectPath [0x771575C4+180]
">
      <![CDATA[org.openqa.selenium.SessionNotCreatedException: session not created
from timeout: Timed out receiving message from renderer: 600.000
  (Session info: chrome=87.0.4280.88)
Build info: version: '3.7.0', revision: '2321c73', time: '2017-11-02T22:22:35.584Z'
System info: host: 'LAPTOP-TC62876I', ip: '192.168.1.198', os.name: 'Windows 10', os.arch: 'amd64', os.version: '10.0', java.version: '1.8.0_121'
Driver info: driver.version: ChromeDriver
remote stacktrace: Backtrace:
	Ordinal0 [0x0050C0C3+3326147]
	Ordinal0 [0x003F0851+2164817]
	Ordinal0 [0x00277298+619160]
	Ordinal0 [0x0026B17F+569727]
	Ordinal0 [0x0026A421+566305]
	Ordinal0 [0x0026A815+567317]
	Ordinal0 [0x0026A135+565557]
	Ordinal0 [0x002738B1+604337]
	Ordinal0 [0x0026A0F1+565489]
	Ordinal0 [0x0026AEA2+568994]
	Ordinal0 [0x0026A421+566305]
	Ordinal0 [0x0026A815+567317]
	Ordinal0 [0x0026A135+565557]
	Ordinal0 [0x00271D2C+597292]
	Ordinal0 [0x0026A0F1+565489]
	Ordinal0 [0x0026AEA2+568994]
	Ordinal0 [0x0026A421+566305]
	Ordinal0 [0x0026A815+567317]
	Ordinal0 [0x0026A135+565557]
	Ordinal0 [0x0026FE62+589410]
	Ordinal0 [0x0026A0F1+565489]
	Ordinal0 [0x0026AEA2+568994]
	Ordinal0 [0x0026A421+566305]
	Ordinal0 [0x0026A815+567317]
	Ordinal0 [0x0026A135+565557]
	Ordinal0 [0x0026F075+585845]
	Ordinal0 [0x0026A0F1+565489]
	Ordinal0 [0x0026AEA2+568994]
	Ordinal0 [0x0026A421+566305]
	Ordinal0 [0x0026A815+567317]
	Ordinal0 [0x0026A135+565557]
	Ordinal0 [0x00266776+550774]
	Ordinal0 [0x0026A0F1+565489]
	Ordinal0 [0x00269F13+565011]
	Ordinal0 [0x00269D07+564487]
	Ordinal0 [0x002782C0+623296]
	Ordinal0 [0x00216BDD+224221]
	Ordinal0 [0x00215CAC+220332]
	Ordinal0 [0x0021189B+202907]
	Ordinal0 [0x001F3DF4+81396]
	Ordinal0 [0x001F4DEE+85486]
	Ordinal0 [0x001F4D79+85369]
	Ordinal0 [0x004085DC+2262492]
	GetHandleVerifier [0x00692874+1487204]
	GetHandleVerifier [0x006923CD+1486013]
	GetHandleVerifier [0x0069A368+1518680]
	GetHandleVerifier [0x00692F4E+1488958]
	Ordinal0 [0x003FED0D+2223373]
	Ordinal0 [0x0040A12B+2269483]
	Ordinal0 [0x0040A26F+2269807]
	Ordinal0 [0x0041ECB8+2354360]
	BaseThreadInitThunk [0x7685FA29+25]
	RtlGetAppContainerNamedObjectPath [0x771575F4+228]
	RtlGetAppContainerNamedObjectPath [0x771575C4+180]

	at sun.reflect.NativeConstructorAccessorImpl.newInstance0(Native Method)
	at sun.reflect.NativeConstructorAccessorImpl.newInstance(NativeConstructorAccessorImpl.java:62)
	at sun.reflect.DelegatingConstructorAccessorImpl.newInstance(DelegatingConstructorAccessorImpl.java:45)
	at java.lang.reflect.Constructor.newInstance(Constructor.java:423)
	at org.openqa.selenium.remote.W3CHandshakeResponse.lambda$new$0(W3CHandshakeResponse.java:57)
	at org.openqa.selenium.remote.W3CHandshakeResponse.lambda$getResponseFunction$2(W3CHandshakeResponse.java:104)
	at org.openqa.selenium.remote.ProtocolHandshake.lambda$createSession$0(ProtocolHandshake.java:123)
	at java.util.stream.ReferencePipeline$3$1.accept(ReferencePipeline.java:193)
	at java.util.Spliterators$ArraySpliterator.tryAdvance(Spliterators.java:958)
	at java.util.stream.ReferencePipeline.forEachWithCancel(ReferencePipeline.java:126)
	at java.util.stream.AbstractPipeline.copyIntoWithCancel(AbstractPipeline.java:498)
	at java.util.stream.AbstractPipeline.copyInto(AbstractPipeline.java:485)
	at java.util.stream.AbstractPipeline.wrapAndCopyInto(AbstractPipeline.java:471)
	at java.util.stream.FindOps$FindOp.evaluateSequential(FindOps.java:152)
	at java.util.stream.AbstractPipeline.evaluate(AbstractPipeline.java:234)
	at java.util.stream.ReferencePipeline.findFirst(ReferencePipeline.java:464)
	at org.openqa.selenium.remote.ProtocolHandshake.createSession(ProtocolHandshake.java:126)
	at org.openqa.selenium.remote.ProtocolHandshake.createSession(ProtocolHandshake.java:73)
	at org.openqa.selenium.remote.HttpCommandExecutor.execute(HttpCommandExecutor.java:142)
	at org.openqa.selenium.remote.service.DriverCommandExecutor.execute(DriverCommandExecutor.java:83)
	at org.openqa.selenium.remote.RemoteWebDriver.execute(RemoteWebDriver.java:600)
	at org.openqa.selenium.remote.RemoteWebDriver.startSession(RemoteWebDriver.java:219)
	at org.openqa.selenium.remote.RemoteWebDriver.<init>(RemoteWebDriver.java:142)
	at org.openqa.selenium.chrome.ChromeDriver.<init>(ChromeDriver.java:181)
	at org.openqa.selenium.chrome.ChromeDriver.<init>(ChromeDriver.java:168)
	at org.openqa.selenium.chrome.ChromeDriver.<init>(ChromeDriver.java:123)
	at pages.SetUp.setUpBrowser(SetUp.java:20)
	at Tests.TestCase2.beforeMethod(TestCase2.java:26)
	at sun.reflect.NativeMethodAccessorImpl.invoke0(Native Method)
	at sun.reflect.NativeMethodAccessorImpl.invoke(NativeMethodAccessorImpl.java:62)
	at sun.reflect.DelegatingMethodAccessorImpl.invoke(DelegatingMethodAccessorImpl.java:43)
	at java.lang.reflect.Method.invoke(Method.java:498)
	at org.testng.internal.MethodInvocationHelper.invokeMethod(MethodInvocationHelper.java:84)
	at org.testng.internal.Invoker.invokeConfigurationMethod(Invoker.java:564)
	at org.testng.internal.Invoker.invokeConfigurations(Invoker.java:213)
	at org.testng.internal.Invoker.invokeMethod(Invoker.java:653)
	at org.testng.internal.Invoker.invokeTestMethod(Invoker.java:901)
	at org.testng.internal.Invoker.invokeTestMethods(Invoker.java:1231)
	at org.testng.internal.TestMethodWorker.invokeTestMethods(TestMethodWorker.java:127)
	at org.testng.internal.TestMethodWorker.run(TestMethodWorker.java:111)
	at org.testng.TestRunner.privateRun(TestRunner.java:767)
	at org.testng.TestRunner.run(TestRunner.java:617)
	at org.testng.SuiteRunner.runTest(SuiteRunner.java:348)
	at org.testng.SuiteRunner.runSequentially(SuiteRunner.java:343)
	at org.testng.SuiteRunner.privateRun(SuiteRunner.java:305)
	at org.testng.SuiteRunner.run(SuiteRunner.java:254)
	at org.testng.SuiteRunnerWorker.runSuite(SuiteRunnerWorker.java:52)
	at org.testng.SuiteRunnerWorker.run(SuiteRunnerWorker.java:86)
	at org.testng.TestNG.runSuitesSequentially(TestNG.java:1224)
	at org.testng.TestNG.runSuitesLocally(TestNG.java:1149)
	at org.testng.TestNG.run(TestNG.java:1057)
	at org.apache.maven.surefire.testng.TestNGExecutor.run(TestNGExecutor.java:77)
	at org.apache.maven.surefire.testng.TestNGDirectoryTestSuite.executeMulti(TestNGDirectoryTestSuite.java:159)
	at org.apache.maven.surefire.testng.TestNGDirectoryTestSuite.execute(TestNGDirectoryTestSuite.java:99)
	at org.apache.maven.surefire.testng.TestNGProvider.invoke(TestNGProvider.java:106)
	at sun.reflect.NativeMethodAccessorImpl.invoke0(Native Method)
	at sun.reflect.NativeMethodAccessorImpl.invoke(NativeMethodAccessorImpl.java:62)
	at sun.reflect.DelegatingMethodAccessorImpl.invoke(DelegatingMethodAccessorImpl.java:43)
	at java.lang.reflect.Method.invoke(Method.java:498)
	at org.apache.maven.surefire.util.ReflectionUtils.invokeMethodWithArray(ReflectionUtils.java:189)
	at org.apache.maven.surefire.booter.ProviderFactory$ProviderProxy.invoke(ProviderFactory.java:165)
	at org.apache.maven.surefire.booter.ProviderFactory.invokeProvider(ProviderFactory.java:85)
	at org.apache.maven.surefire.booter.ForkedBooter.runSuitesInProcess(ForkedBooter.java:115)
	at org.apache.maven.surefire.booter.ForkedBooter.main(ForkedBooter.java:75)
]]>
    </failure>
  </testcase> <!-- getText -->
</testsuite> <!-- Tests.TestCase1 -->
