<?xml version="1.0" encoding="UTF-8"?>
<!-- Generated by org.testng.reporters.JUnitXMLReporter -->
<testsuite hostname="LAPTOP-TC62876I" name="Regression" tests="4" failures="0" timestamp="25 Dec 2020 02:10:14 GMT" time="0.354" errors="0">
  <testcase name="getURL" time="0.038" classname="Tests.TestCase1"/>
  <testcase name="getTitle" time="0.018" classname="Tests.TestCase1"/>
  <testcase name="getText" time="0.075" classname="Tests.TestCase1"/>
  <testcase name="f" time="0.199" classname="Tests.TestCase2"/>
</testsuite> <!-- Regression -->
