<?xml version="1.0" encoding="UTF-8"?>
<!-- Generated by org.testng.reporters.JUnitXMLReporter -->
<testsuite hostname="LAPTOP-TC62876I" name="Regression" tests="4" failures="0" timestamp="24 Dec 2020 05:23:30 GMT" time="35.716" errors="0">
  <testcase name="getURL" time="0.04" classname="Tests.TestCase1"/>
  <testcase name="getTitle" time="0.019" classname="Tests.TestCase1"/>
  <testcase name="getText" time="0.065" classname="Tests.TestCase1"/>
  <testcase name="f" time="0.319" classname="Tests.TestCase2"/>
</testsuite> <!-- Regression -->
