<?xml version="1.0" encoding="UTF-8"?>
<testng-results skipped="0" failed="0" total="4" passed="4">
  <reporter-output>
    <line>
      <![CDATA[retrieved title]]>
    </line>
    <line>
      <![CDATA[Retrieved text]]>
    </line>
  </reporter-output>
  <suite name="Command line suite" duration-ms="373" started-at="2020-12-25T02:10:44Z" finished-at="2020-12-25T02:10:45Z">
    <groups>
    </groups>
    <test name="Command line test" duration-ms="373" started-at="2020-12-25T02:10:44Z" finished-at="2020-12-25T02:10:45Z">
      <class name="Tests.TestCase1">
        <test-method status="PASS" signature="beforeMethod()[pri:0, instance:Tests.TestCase1@2a5ca609]" name="beforeMethod" is-config="true" duration-ms="8374" started-at="2020-12-24T18:10:36Z" finished-at="2020-12-24T18:10:44Z">
          <reporter-output>
          </reporter-output>
        </test-method> <!-- beforeMethod -->
        <test-method status="PASS" signature="getURL()[pri:0, instance:Tests.TestCase1@2a5ca609]" name="getURL" duration-ms="21" started-at="2020-12-24T18:10:45Z" finished-at="2020-12-24T18:10:45Z">
          <reporter-output>
          </reporter-output>
        </test-method> <!-- getURL -->
        <test-method status="PASS" signature="getTitle()[pri:0, instance:Tests.TestCase1@2a5ca609]" name="getTitle" duration-ms="18" started-at="2020-12-24T18:10:45Z" finished-at="2020-12-24T18:10:45Z">
          <reporter-output>
            <line>
              <![CDATA[retrieved title]]>
            </line>
          </reporter-output>
        </test-method> <!-- getTitle -->
        <test-method status="PASS" signature="getText()[pri:0, instance:Tests.TestCase1@2a5ca609]" name="getText" duration-ms="118" started-at="2020-12-24T18:10:45Z" finished-at="2020-12-24T18:10:45Z">
          <reporter-output>
            <line>
              <![CDATA[Retrieved text]]>
            </line>
          </reporter-output>
        </test-method> <!-- getText -->
        <test-method status="PASS" signature="afterMethod()[pri:0, instance:Tests.TestCase1@2a5ca609]" name="afterMethod" is-config="true" duration-ms="1428" started-at="2020-12-24T18:10:45Z" finished-at="2020-12-24T18:10:46Z">
          <reporter-output>
          </reporter-output>
        </test-method> <!-- afterMethod -->
      </class> <!-- Tests.TestCase1 -->
      <class name="Tests.TestCase2">
        <test-method status="PASS" signature="beforeMethod()[pri:0, instance:Tests.TestCase2@51081592]" name="beforeMethod" is-config="true" duration-ms="1" started-at="2020-12-24T18:10:44Z" finished-at="2020-12-24T18:10:44Z">
          <reporter-output>
          </reporter-output>
        </test-method> <!-- beforeMethod -->
        <test-method status="PASS" signature="f()[pri:0, instance:Tests.TestCase2@51081592]" name="f" duration-ms="204" started-at="2020-12-24T18:10:44Z" finished-at="2020-12-24T18:10:45Z">
          <reporter-output>
          </reporter-output>
        </test-method> <!-- f -->
        <test-method status="PASS" signature="afterMethod()[pri:0, instance:Tests.TestCase2@51081592]" name="afterMethod" is-config="true" duration-ms="0" started-at="2020-12-24T18:10:45Z" finished-at="2020-12-24T18:10:45Z">
          <reporter-output>
          </reporter-output>
        </test-method> <!-- afterMethod -->
      </class> <!-- Tests.TestCase2 -->
    </test> <!-- Command line test -->
  </suite> <!-- Command line suite -->
</testng-results>
