<?xml version="1.0" encoding="UTF-8"?>
<!-- Generated by org.testng.reporters.JUnitXMLReporter -->
<testsuite hostname="LAPTOP-TC62876I" name="Command line test" tests="4" failures="0" timestamp="24 Dec 2020 22:50:11 GMT" time="1224.302" errors="0">
  <testcase name="@BeforeMethod beforeMethod" time="0.0" classname="Tests.TestCase2">
    <failure type="org.openqa.selenium.SessionNotCreatedException" message="session not created
from timeout: Timed out receiving message from renderer: 600.000
  (Session info: chrome=87.0.4280.88)
Build info: version: &amp;apos;3.7.0&amp;apos;, revision: &amp;apos;2321c73&amp;apos;, time: &amp;apos;2017-11-02T22:22:35.584Z&amp;apos;
System info: host: &amp;apos;LAPTOP-TC62876I&amp;apos;, ip: &amp;apos;192.168.1.198&amp;apos;, os.name: &amp;apos;Windows 10&amp;apos;, os.arch: &amp;apos;amd64&amp;apos;, os.version: &amp;apos;10.0&amp;apos;, java.version: &amp;apos;1.8.0_121&amp;apos;
Driver info: driver.version: ChromeDriver
remote stacktrace: Backtrace:
	Ordinal0 [0x0050C0C3+3326147]
	Ordinal0 [0x003F0851+2164817]
	Ordinal0 [0x00277298+619160]
	Ordinal0 [0x0026B17F+569727]
	Ordinal0 [0x0026A421+566305]
	Ordinal0 [0x0026A815+567317]
	Ordinal0 [0x0026A135+565557]
	Ordinal0 [0x002738B1+604337]
	Ordinal0 [0x0026A0F1+565489]
	Ordinal0 [0x0026AEA2+568994]
	Ordinal0 [0x0026A421+566305]
	Ordinal0 [0x0026A815+567317]
	Ordinal0 [0x0026A135+565557]
	Ordinal0 [0x00271D2C+597292]
	Ordinal0 [0x0026A0F1+565489]
	Ordinal0 [0x0026AEA2+568994]
	Ordinal0 [0x0026A421+566305]
	Ordinal0 [0x0026A815+567317]
	Ordinal0 [0x0026A135+565557]
	Ordinal0 [0x0026FE62+589410]
	Ordinal0 [0x0026A0F1+565489]
	Ordinal0 [0x0026AEA2+568994]
	Ordinal0 [0x0026A421+566305]
	Ordinal0 [0x0026A815+567317]
	Ordinal0 [0x0026A135+565557]
	Ordinal0 [0x0026F075+585845]
	Ordinal0 [0x0026A0F1+565489]
	Ordinal0 [0x0026AEA2+568994]
	Ordinal0 [0x0026A421+566305]
	Ordinal0 [0x0026A815+567317]
	Ordinal0 [0x0026A135+565557]
	Ordinal0 [0x00266776+550774]
	Ordinal0 [0x0026A0F1+565489]
	Ordinal0 [0x00269F13+565011]
	Ordinal0 [0x00269D07+564487]
	Ordinal0 [0x002782C0+623296]
	Ordinal0 [0x00216BDD+224221]
	Ordinal0 [0x00215CAC+220332]
	Ordinal0 [0x0021189B+202907]
	Ordinal0 [0x001F3DF4+81396]
	Ordinal0 [0x001F4DEE+85486]
	Ordinal0 [0x001F4D79+85369]
	Ordinal0 [0x004085DC+2262492]
	GetHandleVerifier [0x00692874+1487204]
	GetHandleVerifier [0x006923CD+1486013]
	GetHandleVerifier [0x0069A368+1518680]
	GetHandleVerifier [0x00692F4E+1488958]
	Ordinal0 [0x003FED0D+2223373]
	Ordinal0 [0x0040A12B+2269483]
	Ordinal0 [0x0040A26F+2269807]
	Ordinal0 [0x0041ECB8+2354360]
	BaseThreadInitThunk [0x7685FA29+25]
	RtlGetAppContainerNamedObjectPath [0x771575F4+228]
	RtlGetAppContainerNamedObjectPath [0x771575C4+180]
">
      <![CDATA[org.openqa.selenium.SessionNotCreatedException: session not created
from timeout: Timed out receiving message from renderer: 600.000
  (Session info: chrome=87.0.4280.88)
Build info: version: '3.7.0', revision: '2321c73', time: '2017-11-02T22:22:35.584Z'
System info: host: 'LAPTOP-TC62876I', ip: '192.168.1.198', os.name: 'Windows 10', os.arch: 'amd64', os.version: '10.0', java.version: '1.8.0_121'
Driver info: driver.version: ChromeDriver
remote stacktrace: Backtrace:
	Ordinal0 [0x0050C0C3+3326147]
	Ordinal0 [0x003F0851+2164817]
	Ordinal0 [0x00277298+619160]
	Ordinal0 [0x0026B17F+569727]
	Ordinal0 [0x0026A421+566305]
	Ordinal0 [0x0026A815+567317]
	Ordinal0 [0x0026A135+565557]
	Ordinal0 [0x002738B1+604337]
	Ordinal0 [0x0026A0F1+565489]
	Ordinal0 [0x0026AEA2+568994]
	Ordinal0 [0x0026A421+566305]
	Ordinal0 [0x0026A815+567317]
	Ordinal0 [0x0026A135+565557]
	Ordinal0 [0x00271D2C+597292]
	Ordinal0 [0x0026A0F1+565489]
	Ordinal0 [0x0026AEA2+568994]
	Ordinal0 [0x0026A421+566305]
	Ordinal0 [0x0026A815+567317]
	Ordinal0 [0x0026A135+565557]
	Ordinal0 [0x0026FE62+589410]
	Ordinal0 [0x0026A0F1+565489]
	Ordinal0 [0x0026AEA2+568994]
	Ordinal0 [0x0026A421+566305]
	Ordinal0 [0x0026A815+567317]
	Ordinal0 [0x0026A135+565557]
	Ordinal0 [0x0026F075+585845]
	Ordinal0 [0x0026A0F1+565489]
	Ordinal0 [0x0026AEA2+568994]
	Ordinal0 [0x0026A421+566305]
	Ordinal0 [0x0026A815+567317]
	Ordinal0 [0x0026A135+565557]
	Ordinal0 [0x00266776+550774]
	Ordinal0 [0x0026A0F1+565489]
	Ordinal0 [0x00269F13+565011]
	Ordinal0 [0x00269D07+564487]
	Ordinal0 [0x002782C0+623296]
	Ordinal0 [0x00216BDD+224221]
	Ordinal0 [0x00215CAC+220332]
	Ordinal0 [0x0021189B+202907]
	Ordinal0 [0x001F3DF4+81396]
	Ordinal0 [0x001F4DEE+85486]
	Ordinal0 [0x001F4D79+85369]
	Ordinal0 [0x004085DC+2262492]
	GetHandleVerifier [0x00692874+1487204]
	GetHandleVerifier [0x006923CD+1486013]
	GetHandleVerifier [0x0069A368+1518680]
	GetHandleVerifier [0x00692F4E+1488958]
	Ordinal0 [0x003FED0D+2223373]
	Ordinal0 [0x0040A12B+2269483]
	Ordinal0 [0x0040A26F+2269807]
	Ordinal0 [0x0041ECB8+2354360]
	BaseThreadInitThunk [0x7685FA29+25]
	RtlGetAppContainerNamedObjectPath [0x771575F4+228]
	RtlGetAppContainerNamedObjectPath [0x771575C4+180]

	at org.openqa.selenium.remote.W3CHandshakeResponse.lambda$new$0(W3CHandshakeResponse.java:57)
	at org.openqa.selenium.remote.W3CHandshakeResponse.lambda$getResponseFunction$2(W3CHandshakeResponse.java:104)
	at org.openqa.selenium.remote.ProtocolHandshake.lambda$createSession$0(ProtocolHandshake.java:123)
	at java.util.stream.ReferencePipeline$3$1.accept(ReferencePipeline.java:193)
	at java.util.Spliterators$ArraySpliterator.tryAdvance(Spliterators.java:958)
	at java.util.stream.ReferencePipeline.forEachWithCancel(ReferencePipeline.java:126)
	at java.util.stream.AbstractPipeline.copyIntoWithCancel(AbstractPipeline.java:498)
	at java.util.stream.AbstractPipeline.copyInto(AbstractPipeline.java:485)
	at java.util.stream.AbstractPipeline.wrapAndCopyInto(AbstractPipeline.java:471)
	at java.util.stream.FindOps$FindOp.evaluateSequential(FindOps.java:152)
	at java.util.stream.AbstractPipeline.evaluate(AbstractPipeline.java:234)
	at java.util.stream.ReferencePipeline.findFirst(ReferencePipeline.java:464)
	at org.openqa.selenium.remote.ProtocolHandshake.createSession(ProtocolHandshake.java:126)
	at org.openqa.selenium.remote.ProtocolHandshake.createSession(ProtocolHandshake.java:73)
	at org.openqa.selenium.remote.HttpCommandExecutor.execute(HttpCommandExecutor.java:142)
	at org.openqa.selenium.remote.service.DriverCommandExecutor.execute(DriverCommandExecutor.java:83)
	at org.openqa.selenium.remote.RemoteWebDriver.execute(RemoteWebDriver.java:600)
	at org.openqa.selenium.remote.RemoteWebDriver.startSession(RemoteWebDriver.java:219)
	at org.openqa.selenium.remote.RemoteWebDriver.<init>(RemoteWebDriver.java:142)
	at org.openqa.selenium.chrome.ChromeDriver.<init>(ChromeDriver.java:181)
	at org.openqa.selenium.chrome.ChromeDriver.<init>(ChromeDriver.java:168)
	at org.openqa.selenium.chrome.ChromeDriver.<init>(ChromeDriver.java:123)
	at pages.SetUp.setUpBrowser(SetUp.java:20)
	at Tests.TestCase2.beforeMethod(TestCase2.java:26)
... Removed 40 stack frames]]>
    </failure>
  </testcase> <!-- @BeforeMethod beforeMethod -->
  <testcase name="@AfterMethod afterMethod" time="0.0" classname="Tests.TestCase2">
    <skipped/>
  </testcase> <!-- @AfterMethod afterMethod -->
  <testcase name="@BeforeMethod beforeMethod" time="0.0" classname="Tests.TestCase1">
    <failure type="org.openqa.selenium.SessionNotCreatedException" message="session not created
from timeout: Timed out receiving message from renderer: 600.000
  (Session info: chrome=87.0.4280.88)
Build info: version: &amp;apos;3.7.0&amp;apos;, revision: &amp;apos;2321c73&amp;apos;, time: &amp;apos;2017-11-02T22:22:35.584Z&amp;apos;
System info: host: &amp;apos;LAPTOP-TC62876I&amp;apos;, ip: &amp;apos;192.168.1.198&amp;apos;, os.name: &amp;apos;Windows 10&amp;apos;, os.arch: &amp;apos;amd64&amp;apos;, os.version: &amp;apos;10.0&amp;apos;, java.version: &amp;apos;1.8.0_121&amp;apos;
Driver info: driver.version: ChromeDriver
remote stacktrace: Backtrace:
	Ordinal0 [0x0050C0C3+3326147]
	Ordinal0 [0x003F0851+2164817]
	Ordinal0 [0x00277298+619160]
	Ordinal0 [0x0026B17F+569727]
	Ordinal0 [0x0026A421+566305]
	Ordinal0 [0x0026A815+567317]
	Ordinal0 [0x0026A135+565557]
	Ordinal0 [0x002738B1+604337]
	Ordinal0 [0x0026A0F1+565489]
	Ordinal0 [0x0026AEA2+568994]
	Ordinal0 [0x0026A421+566305]
	Ordinal0 [0x0026A815+567317]
	Ordinal0 [0x0026A135+565557]
	Ordinal0 [0x00271D2C+597292]
	Ordinal0 [0x0026A0F1+565489]
	Ordinal0 [0x0026AEA2+568994]
	Ordinal0 [0x0026A421+566305]
	Ordinal0 [0x0026A815+567317]
	Ordinal0 [0x0026A135+565557]
	Ordinal0 [0x0026FE62+589410]
	Ordinal0 [0x0026A0F1+565489]
	Ordinal0 [0x0026AEA2+568994]
	Ordinal0 [0x0026A421+566305]
	Ordinal0 [0x0026A815+567317]
	Ordinal0 [0x0026A135+565557]
	Ordinal0 [0x0026F075+585845]
	Ordinal0 [0x0026A0F1+565489]
	Ordinal0 [0x0026AEA2+568994]
	Ordinal0 [0x0026A421+566305]
	Ordinal0 [0x0026A815+567317]
	Ordinal0 [0x0026A135+565557]
	Ordinal0 [0x00266776+550774]
	Ordinal0 [0x0026A0F1+565489]
	Ordinal0 [0x00269F13+565011]
	Ordinal0 [0x00269D07+564487]
	Ordinal0 [0x002782C0+623296]
	Ordinal0 [0x00216BDD+224221]
	Ordinal0 [0x00215CAC+220332]
	Ordinal0 [0x0021189B+202907]
	Ordinal0 [0x001F3DF4+81396]
	Ordinal0 [0x001F4DEE+85486]
	Ordinal0 [0x001F4D79+85369]
	Ordinal0 [0x004085DC+2262492]
	GetHandleVerifier [0x00692874+1487204]
	GetHandleVerifier [0x006923CD+1486013]
	GetHandleVerifier [0x0069A368+1518680]
	GetHandleVerifier [0x00692F4E+1488958]
	Ordinal0 [0x003FED0D+2223373]
	Ordinal0 [0x0040A12B+2269483]
	Ordinal0 [0x0040A26F+2269807]
	Ordinal0 [0x0041ECB8+2354360]
	BaseThreadInitThunk [0x7685FA29+25]
	RtlGetAppContainerNamedObjectPath [0x771575F4+228]
	RtlGetAppContainerNamedObjectPath [0x771575C4+180]
">
      <![CDATA[org.openqa.selenium.SessionNotCreatedException: session not created
from timeout: Timed out receiving message from renderer: 600.000
  (Session info: chrome=87.0.4280.88)
Build info: version: '3.7.0', revision: '2321c73', time: '2017-11-02T22:22:35.584Z'
System info: host: 'LAPTOP-TC62876I', ip: '192.168.1.198', os.name: 'Windows 10', os.arch: 'amd64', os.version: '10.0', java.version: '1.8.0_121'
Driver info: driver.version: ChromeDriver
remote stacktrace: Backtrace:
	Ordinal0 [0x0050C0C3+3326147]
	Ordinal0 [0x003F0851+2164817]
	Ordinal0 [0x00277298+619160]
	Ordinal0 [0x0026B17F+569727]
	Ordinal0 [0x0026A421+566305]
	Ordinal0 [0x0026A815+567317]
	Ordinal0 [0x0026A135+565557]
	Ordinal0 [0x002738B1+604337]
	Ordinal0 [0x0026A0F1+565489]
	Ordinal0 [0x0026AEA2+568994]
	Ordinal0 [0x0026A421+566305]
	Ordinal0 [0x0026A815+567317]
	Ordinal0 [0x0026A135+565557]
	Ordinal0 [0x00271D2C+597292]
	Ordinal0 [0x0026A0F1+565489]
	Ordinal0 [0x0026AEA2+568994]
	Ordinal0 [0x0026A421+566305]
	Ordinal0 [0x0026A815+567317]
	Ordinal0 [0x0026A135+565557]
	Ordinal0 [0x0026FE62+589410]
	Ordinal0 [0x0026A0F1+565489]
	Ordinal0 [0x0026AEA2+568994]
	Ordinal0 [0x0026A421+566305]
	Ordinal0 [0x0026A815+567317]
	Ordinal0 [0x0026A135+565557]
	Ordinal0 [0x0026F075+585845]
	Ordinal0 [0x0026A0F1+565489]
	Ordinal0 [0x0026AEA2+568994]
	Ordinal0 [0x0026A421+566305]
	Ordinal0 [0x0026A815+567317]
	Ordinal0 [0x0026A135+565557]
	Ordinal0 [0x00266776+550774]
	Ordinal0 [0x0026A0F1+565489]
	Ordinal0 [0x00269F13+565011]
	Ordinal0 [0x00269D07+564487]
	Ordinal0 [0x002782C0+623296]
	Ordinal0 [0x00216BDD+224221]
	Ordinal0 [0x00215CAC+220332]
	Ordinal0 [0x0021189B+202907]
	Ordinal0 [0x001F3DF4+81396]
	Ordinal0 [0x001F4DEE+85486]
	Ordinal0 [0x001F4D79+85369]
	Ordinal0 [0x004085DC+2262492]
	GetHandleVerifier [0x00692874+1487204]
	GetHandleVerifier [0x006923CD+1486013]
	GetHandleVerifier [0x0069A368+1518680]
	GetHandleVerifier [0x00692F4E+1488958]
	Ordinal0 [0x003FED0D+2223373]
	Ordinal0 [0x0040A12B+2269483]
	Ordinal0 [0x0040A26F+2269807]
	Ordinal0 [0x0041ECB8+2354360]
	BaseThreadInitThunk [0x7685FA29+25]
	RtlGetAppContainerNamedObjectPath [0x771575F4+228]
	RtlGetAppContainerNamedObjectPath [0x771575C4+180]

	at org.openqa.selenium.remote.W3CHandshakeResponse.lambda$new$0(W3CHandshakeResponse.java:57)
	at org.openqa.selenium.remote.W3CHandshakeResponse.lambda$getResponseFunction$2(W3CHandshakeResponse.java:104)
	at org.openqa.selenium.remote.ProtocolHandshake.lambda$createSession$0(ProtocolHandshake.java:123)
	at java.util.stream.ReferencePipeline$3$1.accept(ReferencePipeline.java:193)
	at java.util.Spliterators$ArraySpliterator.tryAdvance(Spliterators.java:958)
	at java.util.stream.ReferencePipeline.forEachWithCancel(ReferencePipeline.java:126)
	at java.util.stream.AbstractPipeline.copyIntoWithCancel(AbstractPipeline.java:498)
	at java.util.stream.AbstractPipeline.copyInto(AbstractPipeline.java:485)
	at java.util.stream.AbstractPipeline.wrapAndCopyInto(AbstractPipeline.java:471)
	at java.util.stream.FindOps$FindOp.evaluateSequential(FindOps.java:152)
	at java.util.stream.AbstractPipeline.evaluate(AbstractPipeline.java:234)
	at java.util.stream.ReferencePipeline.findFirst(ReferencePipeline.java:464)
	at org.openqa.selenium.remote.ProtocolHandshake.createSession(ProtocolHandshake.java:126)
	at org.openqa.selenium.remote.ProtocolHandshake.createSession(ProtocolHandshake.java:73)
	at org.openqa.selenium.remote.HttpCommandExecutor.execute(HttpCommandExecutor.java:142)
	at org.openqa.selenium.remote.service.DriverCommandExecutor.execute(DriverCommandExecutor.java:83)
	at org.openqa.selenium.remote.RemoteWebDriver.execute(RemoteWebDriver.java:600)
	at org.openqa.selenium.remote.RemoteWebDriver.startSession(RemoteWebDriver.java:219)
	at org.openqa.selenium.remote.RemoteWebDriver.<init>(RemoteWebDriver.java:142)
	at org.openqa.selenium.chrome.ChromeDriver.<init>(ChromeDriver.java:181)
	at org.openqa.selenium.chrome.ChromeDriver.<init>(ChromeDriver.java:168)
	at org.openqa.selenium.chrome.ChromeDriver.<init>(ChromeDriver.java:123)
	at pages.SetUp.setUpBrowser(SetUp.java:20)
	at Tests.TestCase1.beforeMethod(TestCase1.java:68)
... Removed 40 stack frames]]>
    </failure>
  </testcase> <!-- @BeforeMethod beforeMethod -->
  <testcase name="@AfterMethod afterMethod" time="0.0" classname="Tests.TestCase1">
    <skipped/>
  </testcase> <!-- @AfterMethod afterMethod -->
  <testcase name="f" time="0.0" classname="Tests.TestCase2">
    <skipped/>
  </testcase> <!-- f -->
  <testcase name="getURL" time="0.017" classname="Tests.TestCase1"/>
  <testcase name="getTitle" time="0.028" classname="Tests.TestCase1"/>
  <testcase name="getText" time="0.0" classname="Tests.TestCase1">
    <skipped/>
  </testcase> <!-- getText -->
</testsuite> <!-- Command line test -->
