<?xml version="1.0" encoding="UTF-8"?>
<!-- Generated by org.testng.reporters.JUnitXMLReporter -->
<testsuite hostname="LAPTOP-TC62876I" name="Command line test" tests="4" failures="0" timestamp="25 Dec 2020 02:10:45 GMT" time="0.373" errors="0">
  <testcase name="f" time="0.204" classname="Tests.TestCase2"/>
  <testcase name="getURL" time="0.021" classname="Tests.TestCase1"/>
  <testcase name="getTitle" time="0.018" classname="Tests.TestCase1"/>
  <testcase name="getText" time="0.118" classname="Tests.TestCase1"/>
</testsuite> <!-- Command line test -->
