<?xml version="1.0" encoding="UTF-8"?>
<testng-results skipped="0" failed="0" total="4" passed="4">
  <reporter-output>
    <line>
      <![CDATA[retrieved title]]>
    </line>
    <line>
      <![CDATA[Retrieved text]]>
    </line>
  </reporter-output>
  <suite name="Testing Google Apps" duration-ms="354" started-at="2020-12-25T02:10:14Z" finished-at="2020-12-25T02:10:14Z">
    <groups>
    </groups>
    <test name="Regression" duration-ms="354" started-at="2020-12-25T02:10:14Z" finished-at="2020-12-25T02:10:14Z">
      <class name="Tests.TestCase1">
        <test-method status="PASS" signature="beforeMethod()[pri:0, instance:Tests.TestCase1@668bc3d5]" name="beforeMethod" is-config="true" duration-ms="8641" started-at="2020-12-24T18:10:05Z" finished-at="2020-12-24T18:10:14Z">
          <reporter-output>
          </reporter-output>
        </test-method> <!-- beforeMethod -->
        <test-method status="PASS" signature="getURL()[pri:0, instance:Tests.TestCase1@668bc3d5]" name="getURL" duration-ms="38" started-at="2020-12-24T18:10:14Z" finished-at="2020-12-24T18:10:14Z">
          <reporter-output>
          </reporter-output>
        </test-method> <!-- getURL -->
        <test-method status="PASS" signature="getTitle()[pri:0, instance:Tests.TestCase1@668bc3d5]" name="getTitle" duration-ms="18" started-at="2020-12-24T18:10:14Z" finished-at="2020-12-24T18:10:14Z">
          <reporter-output>
            <line>
              <![CDATA[retrieved title]]>
            </line>
          </reporter-output>
        </test-method> <!-- getTitle -->
        <test-method status="PASS" signature="getText()[pri:0, instance:Tests.TestCase1@668bc3d5]" name="getText" duration-ms="75" started-at="2020-12-24T18:10:14Z" finished-at="2020-12-24T18:10:14Z">
          <reporter-output>
            <line>
              <![CDATA[Retrieved text]]>
            </line>
          </reporter-output>
        </test-method> <!-- getText -->
        <test-method status="PASS" signature="afterMethod()[pri:0, instance:Tests.TestCase1@668bc3d5]" name="afterMethod" is-config="true" duration-ms="707" started-at="2020-12-24T18:10:14Z" finished-at="2020-12-24T18:10:15Z">
          <reporter-output>
          </reporter-output>
        </test-method> <!-- afterMethod -->
      </class> <!-- Tests.TestCase1 -->
      <class name="Tests.TestCase2">
        <test-method status="PASS" signature="f()[pri:0, instance:Tests.TestCase2@180bc464]" name="f" duration-ms="199" started-at="2020-12-24T18:10:14Z" finished-at="2020-12-24T18:10:14Z">
          <reporter-output>
          </reporter-output>
        </test-method> <!-- f -->
        <test-method status="PASS" signature="beforeMethod()[pri:0, instance:Tests.TestCase2@180bc464]" name="beforeMethod" is-config="true" duration-ms="0" started-at="2020-12-24T18:10:14Z" finished-at="2020-12-24T18:10:14Z">
          <reporter-output>
          </reporter-output>
        </test-method> <!-- beforeMethod -->
        <test-method status="PASS" signature="afterMethod()[pri:0, instance:Tests.TestCase2@180bc464]" name="afterMethod" is-config="true" duration-ms="0" started-at="2020-12-24T18:10:14Z" finished-at="2020-12-24T18:10:14Z">
          <reporter-output>
          </reporter-output>
        </test-method> <!-- afterMethod -->
      </class> <!-- Tests.TestCase2 -->
    </test> <!-- Regression -->
  </suite> <!-- Testing Google Apps -->
</testng-results>
